<?xml version="1.0" encoding="UTF-8"?>
<testsuite xmlns:xsi="http://www.w3.org/2001/XMLSchema-instance" xsi:noNamespaceSchemaLocation="https://maven.apache.org/surefire/maven-surefire-plugin/xsd/surefire-test-report-3.0.xsd" version="3.0" name="com.globalhome.web.RunCucumberTest" time="90.323" tests="1" errors="0" skipped="0" failures="0">
  <properties>
[...]
</properties>
  <testcase name="end to end journey till product checkout page." classname="Find product checkout page and total cost of the product" time="89.937">
    <system-out><![CDATA[
@Regression @endtoend @AddAndRemoveProduct
Scenario: end to end journey till product checkout page.                         &amp#27;[90m# com/globalhome/web/GlobalTechChall.feature:7&amp#27;[0m
Landing to Web Page: http://automationpractice.com/index.php
wait until URL: http://automationpractice.com/index.php is visible
  &amp#27;[32mGiven &amp#27;[0m&amp#27;[32mUser is on my store product home page&amp#27;[0m                                    &amp#27;[90m# com.globalhome.web.StepDefinitions.user_Is_On_My_Store_Product_Home_Page()&amp#27;[0m

    Embedding end to end journey till product checkout page. [image/png 3264037 bytes]

wait until URL: index.php is visible
Page title is : My Store
CHECK_IFMy StoreCONTAINSMy Store
  &amp#27;[32mWhen &amp#27;[0m&amp#27;[32muser verify the page title &amp#27;[0m&amp#27;[32m&amp#27;[1m"My Store"&amp#27;[0m                                     &amp#27;[90m# com.globalhome.web.StepDefinitions.userVerifyThePageTitle(java.lang.String)&amp#27;[0m

    Embedding end to end journey till product checkout page. [image/png 3264037 bytes]

wait until [[FirefoxDriver: firefox on MAC (4ea32a42-d76c-4289-8e74-507f2d716e76)] -> xpath: //a[text()='Women']] is clickable
Text is expected: WOMEN
User clicks On Element: [[FirefoxDriver: firefox on MAC (4ea32a42-d76c-4289-8e74-507f2d716e76)] -> xpath: //a[text()='Women']]
wait until [[FirefoxDriver: firefox on MAC (4ea32a42-d76c-4289-8e74-507f2d716e76)] -> xpath: //p[@class='subcategory-heading']] is visible
TOPS vs TOPS
(673, 885)Found
wait until [[FirefoxDriver: firefox on MAC (4ea32a42-d76c-4289-8e74-507f2d716e76)] -> xpath: //a[@class='subcategory-name']] is clickable
User clicks On Element: [[FirefoxDriver: firefox on MAC (4ea32a42-d76c-4289-8e74-507f2d716e76)] -> xpath: //a[@class='subcategory-name']]
wait until [[FirefoxDriver: firefox on MAC (4ea32a42-d76c-4289-8e74-507f2d716e76)] -> xpath: //a[@class='subcategory-name' and text()='T-shirts']] is clickable
User clicks On Element: [[FirefoxDriver: firefox on MAC (4ea32a42-d76c-4289-8e74-507f2d716e76)] -> xpath: //a[@class='subcategory-name' and text()='T-shirts']]
wait until URL: category is visible
wait until [[FirefoxDriver: firefox on MAC (4ea32a42-d76c-4289-8e74-507f2d716e76)] -> xpath: //a[text()='M']] is clickable
User clicks On Element: [[FirefoxDriver: firefox on MAC (4ea32a42-d76c-4289-8e74-507f2d716e76)] -> xpath: //a[text()='M']]
wait until URL: size-m is visible
wait until [[FirefoxDriver: firefox on MAC (4ea32a42-d76c-4289-8e74-507f2d716e76)] -> xpath: //a[text()='Blue']] is clickable
User clicks On Element: [[FirefoxDriver: firefox on MAC (4ea32a42-d76c-4289-8e74-507f2d716e76)] -> xpath: //a[text()='Blue']]
wait until URL: color-blue is visible
Text is actual: Faded Short Sleeve T-shirts\nText is expected: Faded Short Sleeve T-shirts
User clicks On Element: [[FirefoxDriver: firefox on MAC (4ea32a42-d76c-4289-8e74-507f2d716e76)] -> xpath: //a[@title='Faded Short Sleeve T-shirts' and @class='product-name']]
Text is expected: Faded Short Sleeve T-shirts
INPUT_TEXT_FIELD[[FirefoxDriver: firefox on MAC (4ea32a42-d76c-4289-8e74-507f2d716e76)] -> id: quantity_wanted]AND_VALUE1
User clicks On Element: [[FirefoxDriver: firefox on MAC (4ea32a42-d76c-4289-8e74-507f2d716e76)] -> xpath: //ul[@id='color_to_pick_list']//li/a[@title='Blue']]
User clicks On Element: [[FirefoxDriver: firefox on MAC (4ea32a42-d76c-4289-8e74-507f2d716e76)] -> name: Submit]
wait until URL: color-blue is visible
wait until URL: size-m is visible
wait until [[FirefoxDriver: firefox on MAC (4ea32a42-d76c-4289-8e74-507f2d716e76)] -> xpath: //i[@class='icon-ok']//..] is visible
Text is actual: Product successfully added to your shopping cart\nText is expected: Product successfully added to your shopping cart
wait until [[FirefoxDriver: firefox on MAC (4ea32a42-d76c-4289-8e74-507f2d716e76)] -> css selector: span[title='Continue shopping']] is clickable
User clicks On Element: [[FirefoxDriver: firefox on MAC (4ea32a42-d76c-4289-8e74-507f2d716e76)] -> css selector: span[title='Continue shopping']]
wait until [[FirefoxDriver: firefox on MAC (4ea32a42-d76c-4289-8e74-507f2d716e76)] -> xpath: //a[text()='Women']] is clickable
Text is expected: WOMEN
User clicks On Element: [[FirefoxDriver: firefox on MAC (4ea32a42-d76c-4289-8e74-507f2d716e76)] -> xpath: //a[text()='Women']]
wait until [[FirefoxDriver: firefox on MAC (4ea32a42-d76c-4289-8e74-507f2d716e76)] -> xpath: //p[@class='subcategory-heading']] is visible
TOPS vs DRESSES
DRESSES vs DRESSES
(837, 885)Found
wait until [[FirefoxDriver: firefox on MAC (4ea32a42-d76c-4289-8e74-507f2d716e76)] -> xpath: //a[@class='subcategory-name']] is clickable
User clicks On Element: [[FirefoxDriver: firefox on MAC (4ea32a42-d76c-4289-8e74-507f2d716e76)] -> xpath: //a[@class='subcategory-name']]
wait until [[FirefoxDriver: firefox on MAC (4ea32a42-d76c-4289-8e74-507f2d716e76)] -> xpath: //a[@class='subcategory-name' and text()='Evening Dresses']] is clickable
User clicks On Element: [[FirefoxDriver: firefox on MAC (4ea32a42-d76c-4289-8e74-507f2d716e76)] -> xpath: //a[@class='subcategory-name' and text()='Evening Dresses']]
wait until URL: category is visible
wait until [[FirefoxDriver: firefox on MAC (4ea32a42-d76c-4289-8e74-507f2d716e76)] -> xpath: //a[text()='S']] is clickable
User clicks On Element: [[FirefoxDriver: firefox on MAC (4ea32a42-d76c-4289-8e74-507f2d716e76)] -> xpath: //a[text()='S']]
wait until URL: size-s is visible
wait until [[FirefoxDriver: firefox on MAC (4ea32a42-d76c-4289-8e74-507f2d716e76)] -> xpath: //a[text()='Beige']] is clickable
User clicks On Element: [[FirefoxDriver: firefox on MAC (4ea32a42-d76c-4289-8e74-507f2d716e76)] -> xpath: //a[text()='Beige']]
wait until URL: color-beige is visible
Text is actual: Printed Dress\nText is expected: Printed Dress
User clicks On Element: [[FirefoxDriver: firefox on MAC (4ea32a42-d76c-4289-8e74-507f2d716e76)] -> xpath: //a[@title='Printed Dress' and @class='product-name']]
Text is expected: Printed Dress
INPUT_TEXT_FIELD[[FirefoxDriver: firefox on MAC (4ea32a42-d76c-4289-8e74-507f2d716e76)] -> id: quantity_wanted]AND_VALUE1
User clicks On Element: [[FirefoxDriver: firefox on MAC (4ea32a42-d76c-4289-8e74-507f2d716e76)] -> xpath: //ul[@id='color_to_pick_list']//li/a[@title='Beige']]
User clicks On Element: [[FirefoxDriver: firefox on MAC (4ea32a42-d76c-4289-8e74-507f2d716e76)] -> name: Submit]
wait until URL: color-beige is visible
wait until URL: size-s is visible
wait until [[FirefoxDriver: firefox on MAC (4ea32a42-d76c-4289-8e74-507f2d716e76)] -> xpath: //i[@class='icon-ok']//..] is visible
Text is actual: Product successfully added to your shopping cart\nText is expected: Product successfully added to your shopping cart
wait until [[FirefoxDriver: firefox on MAC (4ea32a42-d76c-4289-8e74-507f2d716e76)] -> css selector: span[title='Continue shopping']] is clickable
User clicks On Element: [[FirefoxDriver: firefox on MAC (4ea32a42-d76c-4289-8e74-507f2d716e76)] -> css selector: span[title='Continue shopping']]
wait until [[FirefoxDriver: firefox on MAC (4ea32a42-d76c-4289-8e74-507f2d716e76)] -> xpath: //a[text()='Women']] is clickable
Text is expected: WOMEN
User clicks On Element: [[FirefoxDriver: firefox on MAC (4ea32a42-d76c-4289-8e74-507f2d716e76)] -> xpath: //a[text()='Women']]
wait until [[FirefoxDriver: firefox on MAC (4ea32a42-d76c-4289-8e74-507f2d716e76)] -> xpath: //p[@class='subcategory-heading']] is visible
TOPS vs DRESSES
DRESSES vs DRESSES
(837, 885)Found
wait until [[FirefoxDriver: firefox on MAC (4ea32a42-d76c-4289-8e74-507f2d716e76)] -> xpath: //a[@class='subcategory-name']] is clickable
User clicks On Element: [[FirefoxDriver: firefox on MAC (4ea32a42-d76c-4289-8e74-507f2d716e76)] -> xpath: //a[@class='subcategory-name']]
wait until [[FirefoxDriver: firefox on MAC (4ea32a42-d76c-4289-8e74-507f2d716e76)] -> xpath: //a[@class='subcategory-name' and text()='Summer Dresses']] is clickable
User clicks On Element: [[FirefoxDriver: firefox on MAC (4ea32a42-d76c-4289-8e74-507f2d716e76)] -> xpath: //a[@class='subcategory-name' and text()='Summer Dresses']]
wait until URL: category is visible
wait until [[FirefoxDriver: firefox on MAC (4ea32a42-d76c-4289-8e74-507f2d716e76)] -> xpath: //a[text()='M']] is clickable
User clicks On Element: [[FirefoxDriver: firefox on MAC (4ea32a42-d76c-4289-8e74-507f2d716e76)] -> xpath: //a[text()='M']]
wait until URL: size-m is visible
wait until [[FirefoxDriver: firefox on MAC (4ea32a42-d76c-4289-8e74-507f2d716e76)] -> xpath: //a[text()='Orange']] is clickable
User clicks On Element: [[FirefoxDriver: firefox on MAC (4ea32a42-d76c-4289-8e74-507f2d716e76)] -> xpath: //a[text()='Orange']]
wait until URL: color-orange is visible
Text is actual: Printed Summer Dress\nText is expected: Printed Summer Dress
User clicks On Element: [[FirefoxDriver: firefox on MAC (4ea32a42-d76c-4289-8e74-507f2d716e76)] -> xpath: //a[@title='Printed Summer Dress' and @class='product-name']]
Text is expected: Printed Summer Dress
INPUT_TEXT_FIELD[[FirefoxDriver: firefox on MAC (4ea32a42-d76c-4289-8e74-507f2d716e76)] -> id: quantity_wanted]AND_VALUE1
User clicks On Element: [[FirefoxDriver: firefox on MAC (4ea32a42-d76c-4289-8e74-507f2d716e76)] -> xpath: //ul[@id='color_to_pick_list']//li/a[@title='Orange']]
User clicks On Element: [[FirefoxDriver: firefox on MAC (4ea32a42-d76c-4289-8e74-507f2d716e76)] -> name: Submit]
wait until URL: color-orange is visible
wait until URL: size-m is visible
wait until [[FirefoxDriver: firefox on MAC (4ea32a42-d76c-4289-8e74-507f2d716e76)] -> xpath: //i[@class='icon-ok']//..] is visible
Text is actual: Product successfully added to your shopping cart\nText is expected: Product successfully added to your shopping cart
wait until [[FirefoxDriver: firefox on MAC (4ea32a42-d76c-4289-8e74-507f2d716e76)] -> css selector: span[title='Continue shopping']] is clickable
User clicks On Element: [[FirefoxDriver: firefox on MAC (4ea32a42-d76c-4289-8e74-507f2d716e76)] -> css selector: span[title='Continue shopping']]
  &amp#27;[32mAnd &amp#27;[0m&amp#27;[32mUser selects productBlock as &amp#27;[0m&amp#27;[32m&amp#27;[1m"WOMEN"&amp#27;[0m&amp#27;[32m and&amp#27;[0m                                   &amp#27;[90m# com.globalhome.web.StepDefinitions.user_selects_product_block_as_and(java.lang.String,io.cucumber.datatable.DataTable)&amp#27;[0m
    | subcategory | ProductCategory | Size | Colour | ProductName                 | quantity | actionNow   | actionNext        |
    | TOPS        | T-shirts        | M    | Blue   | Faded Short Sleeve T-shirts | 1        | Add to Cart | Continue Shopping |
    | DRESSES     | Evening Dresses | S    | Beige  | Printed Dress               | 1        | Add to Cart | Continue Shopping |
    | DRESSES     | Summer Dresses  | M    | Orange | Printed Summer Dress        | 1        | Add to Cart | Continue Shopping |

    Embedding end to end journey till product checkout page. [image/png 949103 bytes]

User clicks On Element: [[FirefoxDriver: firefox on MAC (4ea32a42-d76c-4289-8e74-507f2d716e76)] -> xpath: //a[@title='View my shopping cart']]
wait until URL: order is visible
  &amp#27;[32mAnd &amp#27;[0m&amp#27;[32muser clicks Link Title &amp#27;[0m&amp#27;[32m&amp#27;[1m"View my shopping cart"&amp#27;[0m                             &amp#27;[90m# com.globalhome.web.StepDefinitions.user_clicks_link_title(java.lang.String)&amp#27;[0m

    Embedding end to end journey till product checkout page. [image/png 655644 bytes]

wait until [[FirefoxDriver: firefox on MAC (4ea32a42-d76c-4289-8e74-507f2d716e76)] -> id: cart_title] is visible
Text is actual: SHOPPING-CART SUMMARY
Your shopping cart contains: 3 Products\nText is expected: SHOPPING-CART SUMMARY
  &amp#27;[32mThen &amp#27;[0m&amp#27;[32muser should be able to view the item in cart &amp#27;[0m&amp#27;[32m&amp#27;[1m"SHOPPING-CART SUMMARY"&amp#27;[0m&amp#27;[32m page&amp#27;[0m &amp#27;[90m# com.globalhome.web.StepDefinitions.user_should_be_able_to_view_the_item_in_cart_page(java.lang.String)&amp#27;[0m

    Embedding end to end journey till product checkout page. [image/png 655644 bytes]

wait until URL: order is visible
wait until all elements are visible
|--------------|productName|-------|quantity|--------|countTotal|-------|
|--------------|Faded Short Sleeve T-shirts|-------|1|--------|$16.51|-------|
{amount=$16.51, quantity=1, productname=Faded Short Sleeve T-shirts}
|--------------|productName|-------|quantity|--------|countTotal|-------|
|--------------|Printed Dress|-------|1|--------|$50.99|-------|
{amount=$50.99, quantity=1, productname=Printed Dress}
|--------------|productName|-------|quantity|--------|countTotal|-------|
|--------------|Printed Summer Dress|-------|1|--------|$28.98|-------|
{amount=$28.98, quantity=1, productname=Printed Summer Dress}
expectedProductlist [{productname=Printed Dress, amount=$50.99, quantity=1}, {productname=Faded Short Sleeve T-shirts, amount=$16.51, quantity=1}, {productname=Printed Summer Dress, amount=$28.98, quantity=1}]
actualProductList [{amount=$16.51, quantity=1, productname=Faded Short Sleeve T-shirts}, {amount=$50.99, quantity=1, productname=Printed Dress}, {amount=$28.98, quantity=1, productname=Printed Summer Dress}]
0
  &amp#27;[32mAnd &amp#27;[0m&amp#27;[32muser verify the products&amp#27;[0m                                                   &amp#27;[90m# com.globalhome.web.StepDefinitions.user_verify_the_products(io.cucumber.datatable.DataTable)&amp#27;[0m
    | productname                 | amount | quantity |
    | Printed Dress               | $50.99 | 1        |
    | Faded Short Sleeve T-shirts | $16.51 | 1        |
    | Printed Summer Dress        | $28.98 | 1        |

    Embedding end to end journey till product checkout page. [image/png 655644 bytes]

Text is expected: 3 Products
  &amp#27;[32mAnd &amp#27;[0m&amp#27;[32muser verify summary product is &amp#27;[0m&amp#27;[32m&amp#27;[1m"3 Products"&amp#27;[0m                                &amp#27;[90m# com.globalhome.web.StepDefinitions.user_verify_summary_product_is(java.lang.String)&amp#27;[0m

    Embedding end to end journey till product checkout page. [image/png 655644 bytes]

wait until [[FirefoxDriver: firefox on MAC (4ea32a42-d76c-4289-8e74-507f2d716e76)] -> id: total_price] is visible
Text is expected: $98.48
  &amp#27;[32mAnd &amp#27;[0m&amp#27;[32muser verify the total amount is &amp#27;[0m&amp#27;[32m&amp#27;[1m"$98.48"&amp#27;[0m                                   &amp#27;[90m# com.globalhome.web.StepDefinitions.user_verify_the_amount(java.lang.String)&amp#27;[0m

    Embedding end to end journey till product checkout page. [image/png 655644 bytes]

wait until [[FirefoxDriver: firefox on MAC (4ea32a42-d76c-4289-8e74-507f2d716e76)] -> xpath: //p[@class='product-name']//a[text()='Faded Short Sleeve T-shirts']//../..//..//a[@title='Add']//..//i[@class='icon-plus']] is clickable
User clicks On Element: [[FirefoxDriver: firefox on MAC (4ea32a42-d76c-4289-8e74-507f2d716e76)] -> xpath: //p[@class='product-name']//a[text()='Faded Short Sleeve T-shirts']//../..//..//a[@title='Add']//..//i[@class='icon-plus']]
wait until //*[@id='summary_products_quantity'] textValue 3 Products is visible
wait until URL: order is visible
  &amp#27;[32mAnd &amp#27;[0m&amp#27;[32muser &amp#27;[0m&amp#27;[32m&amp#27;[1m"Add"&amp#27;[0m&amp#27;[32m the &amp#27;[0m&amp#27;[32m&amp#27;[1m"Faded Short Sleeve T-shirts"&amp#27;[0m&amp#27;[32m in the cart&amp#27;[0m                   &amp#27;[90m# com.globalhome.web.StepDefinitions.user_action_item_in_the_cart(java.lang.String,java.lang.String)&amp#27;[0m

    Embedding end to end journey till product checkout page. [image/png 654882 bytes]

wait until URL: order is visible
wait until all elements are visible
|--------------|productName|-------|quantity|--------|countTotal|-------|
|--------------|Faded Short Sleeve T-shirts|-------|2|--------|$33.02|-------|
{amount=$33.02, quantity=2, productname=Faded Short Sleeve T-shirts}
|--------------|productName|-------|quantity|--------|countTotal|-------|
|--------------|Printed Dress|-------|1|--------|$50.99|-------|
{amount=$50.99, quantity=1, productname=Printed Dress}
|--------------|productName|-------|quantity|--------|countTotal|-------|
|--------------|Printed Summer Dress|-------|1|--------|$28.98|-------|
{amount=$28.98, quantity=1, productname=Printed Summer Dress}
expectedProductlist [{productname=Printed Dress, amount=$50.99, quantity=1}, {productname=Faded Short Sleeve T-shirts, amount=$33.02, quantity=2}, {productname=Printed Summer Dress, amount=$28.98, quantity=1}]
actualProductList [{amount=$33.02, quantity=2, productname=Faded Short Sleeve T-shirts}, {amount=$50.99, quantity=1, productname=Printed Dress}, {amount=$28.98, quantity=1, productname=Printed Summer Dress}]
0
  &amp#27;[32mAnd &amp#27;[0m&amp#27;[32muser verify the products&amp#27;[0m                                                   &amp#27;[90m# com.globalhome.web.StepDefinitions.user_verify_the_products(io.cucumber.datatable.DataTable)&amp#27;[0m
    | productname                 | amount | quantity |
    | Printed Dress               | $50.99 | 1        |
    | Faded Short Sleeve T-shirts | $33.02 | 2        |
    | Printed Summer Dress        | $28.98 | 1        |

    Embedding end to end journey till product checkout page. [image/png 654882 bytes]

Text is expected: 4 Products
  &amp#27;[32mAnd &amp#27;[0m&amp#27;[32muser verify summary product is &amp#27;[0m&amp#27;[32m&amp#27;[1m"4 Products"&amp#27;[0m                                &amp#27;[90m# com.globalhome.web.StepDefinitions.user_verify_summary_product_is(java.lang.String)&amp#27;[0m

    Embedding end to end journey till product checkout page. [image/png 654882 bytes]

wait until [[FirefoxDriver: firefox on MAC (4ea32a42-d76c-4289-8e74-507f2d716e76)] -> id: total_price] is visible
Text is expected: $114.99
  &amp#27;[32mAnd &amp#27;[0m&amp#27;[32muser verify the total amount is &amp#27;[0m&amp#27;[32m&amp#27;[1m"$114.99"&amp#27;[0m                                  &amp#27;[90m# com.globalhome.web.StepDefinitions.user_verify_the_amount(java.lang.String)&amp#27;[0m

    Embedding end to end journey till product checkout page. [image/png 654882 bytes]

wait until [[FirefoxDriver: firefox on MAC (4ea32a42-d76c-4289-8e74-507f2d716e76)] -> xpath: //p[@class='product-name']//a[text()='Printed Dress']//../..//..//a[@title='Delete']//..//i[@class='icon-trash']] is clickable
User clicks On Element: [[FirefoxDriver: firefox on MAC (4ea32a42-d76c-4289-8e74-507f2d716e76)] -> xpath: //p[@class='product-name']//a[text()='Printed Dress']//../..//..//a[@title='Delete']//..//i[@class='icon-trash']]
wait until //*[@id='summary_products_quantity'] textValue 4 Products is visible
wait until URL: order is visible
wait until //p[@class='product-name']//a[text()='Printed Dress']//../..//..//a[@title='Delete']//..//i[@class='icon-trash'] is invisible
  &amp#27;[32mAnd &amp#27;[0m&amp#27;[32muser &amp#27;[0m&amp#27;[32m&amp#27;[1m"Remove"&amp#27;[0m&amp#27;[32m the &amp#27;[0m&amp#27;[32m&amp#27;[1m"Printed Dress"&amp#27;[0m&amp#27;[32m in the cart&amp#27;[0m                              &amp#27;[90m# com.globalhome.web.StepDefinitions.user_action_item_in_the_cart(java.lang.String,java.lang.String)&amp#27;[0m

    Embedding end to end journey till product checkout page. [image/png 415580 bytes]

wait until URL: order is visible
wait until all elements are visible
|--------------|productName|-------|quantity|--------|countTotal|-------|
|--------------|Faded Short Sleeve T-shirts|-------|2|--------|$33.02|-------|
{amount=$33.02, quantity=2, productname=Faded Short Sleeve T-shirts}
|--------------|productName|-------|quantity|--------|countTotal|-------|
|--------------|Printed Summer Dress|-------|1|--------|$28.98|-------|
{amount=$28.98, quantity=1, productname=Printed Summer Dress}
expectedProductlist [{productname=Faded Short Sleeve T-shirts, amount=$33.02, quantity=2}, {productname=Printed Summer Dress, amount=$28.98, quantity=1}]
actualProductList [{amount=$33.02, quantity=2, productname=Faded Short Sleeve T-shirts}, {amount=$28.98, quantity=1, productname=Printed Summer Dress}]
0
  &amp#27;[32mAnd &amp#27;[0m&amp#27;[32muser verify the products&amp#27;[0m                                                   &amp#27;[90m# com.globalhome.web.StepDefinitions.user_verify_the_products(io.cucumber.datatable.DataTable)&amp#27;[0m
    | productname                 | amount | quantity |
    | Faded Short Sleeve T-shirts | $33.02 | 2        |
    | Printed Summer Dress        | $28.98 | 1        |

    Embedding end to end journey till product checkout page. [image/png 415580 bytes]

Text is expected: 3 Products
  &amp#27;[32mAnd &amp#27;[0m&amp#27;[32muser verify summary product is &amp#27;[0m&amp#27;[32m&amp#27;[1m"3 Products"&amp#27;[0m                                &amp#27;[90m# com.globalhome.web.StepDefinitions.user_verify_summary_product_is(java.lang.String)&amp#27;[0m

    Embedding end to end journey till product checkout page. [image/png 415580 bytes]

wait until [[FirefoxDriver: firefox on MAC (4ea32a42-d76c-4289-8e74-507f2d716e76)] -> id: total_price] is visible
Text is expected: $64.00
  &amp#27;[32mAnd &amp#27;[0m&amp#27;[32muser verify the total amount is &amp#27;[0m&amp#27;[32m&amp#27;[1m"$64.00"&amp#27;[0m                                   &amp#27;[90m# com.globalhome.web.StepDefinitions.user_verify_the_amount(java.lang.String)&amp#27;[0m

    Embedding end to end journey till product checkout page. [image/png 415580 bytes]

]]></system-out>
    <system-err><![CDATA[SLF4J: Failed to load class "org.slf4j.impl.StaticLoggerBinder".
SLF4J: Defaulting to no-operation (NOP) logger implementation
SLF4J: See http://www.slf4j.org/codes.html#StaticLoggerBinder for further details.
1649021087838	geckodriver	INFO	Listening on 127.0.0.1:59151
1649021088043	mozrunner::runner	INFO	Running command: "/Applications/Firefox.app/Contents/MacOS/firefox-bin" "--marionette" "--disable-blink-features=AutomationControlled" "--remote-debugging-port" "64122" "-foreground" "-no-remote" "-profile" "/var/folders/gt/j7217cp53jl2r684r9q03g_m0000gn/T/rust_mozprofilet6IEV8"
1649021088486	Marionette	INFO	Marionette enabled
2022-04-03 22:24:49.259 firefox-bin[93257:1311705] Warning: Expected min height of view: (<NSButton: 0x12d927400>) to be less than or equal to 30 but got a height of 32.000000. This error will be logged once per view in violation.
2022-04-03 22:24:49.260 firefox-bin[93257:1311705] Warning: Expected min height of view: (<NSButton: 0x12db6cc00>) to be less than or equal to 30 but got a height of 32.000000. This error will be logged once per view in violation.
2022-04-03 22:24:49.260 firefox-bin[93257:1311705] Warning: Expected min height of view: (<NSButton: 0x12db6b800>) to be less than or equal to 30 but got a height of 32.000000. This error will be logged once per view in violation.
2022-04-03 22:24:49.261 firefox-bin[93257:1311705] Warning: Expected min height of view: (<NSButton: 0x12db6a000>) to be less than or equal to 30 but got a height of 32.000000. This error will be logged once per view in violation.
2022-04-03 22:24:49.262 firefox-bin[93257:1311705] Warning: Expected min height of view: (<NSButton: 0x12db67800>) to be less than or equal to 30 but got a height of 32.000000. This error will be logged once per view in violation.
2022-04-03 22:24:49.262 firefox-bin[93257:1311705] Warning: Expected min height of view: (<NSPopoverTouchBarItemButton: 0x12db69800>) to be less than or equal to 30 but got a height of 32.000000. This error will be logged once per view in violation.
2022-04-03 22:24:49.263 firefox-bin[93257:1311705] Warning: Expected min height of view: (<NSPopoverTouchBarItemButton: 0x11d348000>) to be less than or equal to 30 but got a height of 32.000000. This error will be logged once per view in violation.
console.warn: SearchSettings: "get: No settings file exists, new profile?" (new NotFoundError("Could not open the file at /var/folders/gt/j7217cp53jl2r684r9q03g_m0000gn/T/rust_mozprofilet6IEV8/search.json.mozlz4", (void 0)))
console.error: BackgroundUpdate: 
  _reasonsToNotScheduleUpdates: Failed to check for Maintenance Service Registry Key: [Exception... "Component returned failure code: 0x80004001 (NS_ERROR_NOT_IMPLEMENTED) [nsIUpdateProcessor.getServiceRegKeyExists]"  nsresult: "0x80004001 (NS_ERROR_NOT_IMPLEMENTED)"  location: "JS frame :: resource://gre/modules/BackgroundUpdate.jsm :: _reasonsToNotScheduleUpdates :: line 241"  data: no]
DevTools listening on ws://localhost:64122/devtools/browser/5a11cdc3-6a63-448e-8478-3ba9733d672d
1649021090364	Marionette	INFO	Listening on port 58111
1649021090406	RemoteAgent	WARN	TLS certificate errors will be ignored for this session
Apr 03, 2022 10:24:50 PM org.openqa.selenium.remote.ProtocolHandshake createSession
INFO: Detected dialect: W3C
console.warn: LoginRecipes: "getRecipes: falling back to a synchronous message for:" "http://automationpractice.com"
1649021129395	Marionette	WARN	TimedPromise timed out after 500 ms: stacktrace:
TimedPromise/<@chrome://remote/content/marionette/sync.js:235:19
TimedPromise@chrome://remote/content/marionette/sync.js:220:10
interaction.flushEventLoop@chrome://remote/content/marionette/interaction.js:431:10
webdriverClickElement@chrome://remote/content/marionette/interaction.js:179:31
console.warn: LoginRecipes: "getRecipes: falling back to a synchronous message for:" "http://automationpractice.com"
1649021132494	Marionette	WARN	TimedPromise timed out after 500 ms: stacktrace:
TimedPromise/<@chrome://remote/content/marionette/sync.js:235:19
TimedPromise@chrome://remote/content/marionette/sync.js:220:10
interaction.flushEventLoop@chrome://remote/content/marionette/interaction.js:431:10
webdriverClickElement@chrome://remote/content/marionette/interaction.js:179:31
1649021132531	Marionette	WARN	TimedPromise timed out after 500 ms: stacktrace:
TimedPromise/<@chrome://remote/content/marionette/sync.js:235:19
TimedPromise@chrome://remote/content/marionette/sync.js:220:10
interaction.flushEventLoop@chrome://remote/content/marionette/interaction.js:431:10
webdriverClickElement@chrome://remote/content/marionette/interaction.js:179:31
1649021135657	Marionette	WARN	TimedPromise timed out after 500 ms: stacktrace:
TimedPromise/<@chrome://remote/content/marionette/sync.js:235:19
TimedPromise@chrome://remote/content/marionette/sync.js:220:10
interaction.flushEventLoop@chrome://remote/content/marionette/interaction.js:431:10
webdriverClickElement@chrome://remote/content/marionette/interaction.js:179:31
1649021138774	Marionette	WARN	TimedPromise timed out after 500 ms: stacktrace:
TimedPromise/<@chrome://remote/content/marionette/sync.js:235:19
TimedPromise@chrome://remote/content/marionette/sync.js:220:10
interaction.flushEventLoop@chrome://remote/content/marionette/interaction.js:431:10
webdriverClickElement@chrome://remote/content/marionette/interaction.js:179:31
1649021140389	Marionette	WARN	TimedPromise timed out after 500 ms: stacktrace:
TimedPromise/<@chrome://remote/content/marionette/sync.js:235:19
TimedPromise@chrome://remote/content/marionette/sync.js:220:10
interaction.flushEventLoop@chrome://remote/content/marionette/interaction.js:431:10
webdriverClickElement@chrome://remote/content/marionette/interaction.js:179:31
1649021145687	Marionette	WARN	TimedPromise timed out after 500 ms: stacktrace:
TimedPromise/<@chrome://remote/content/marionette/sync.js:235:19
TimedPromise@chrome://remote/content/marionette/sync.js:220:10
interaction.flushEventLoop@chrome://remote/content/marionette/interaction.js:431:10
webdriverClickElement@chrome://remote/content/marionette/interaction.js:179:31
console.warn: LoginRecipes: "getRecipes: falling back to a synchronous message for:" "http://automationpractice.com"
1649021176272	Marionette	INFO	Stopped listening on port 58111

###!!! [Parent][PImageBridgeParent] Error: RunMessage(msgname=PImageBridge::Msg_WillClose) Channel closing: too late to send/recv, messages will be lost

]]></system-err>
  </testcase>
</testsuite>